0	1	mikroCPIC1618.exe -MSF -DBG -pP18F47J53 -DL -O11111114 -fo64 -N"E:\programming\Microcontroller\Projects\Programmable spin coater\BLDC\Brushless_PIC.mcppi" -SP"C:\Users\Public\Documents\Mikroelektronika\mikroC PRO for PIC\Defs\" -SP"C:\Users\Public\Documents\Mikroelektronika\mikroC PRO for PIC\uses\P18\" -SP"E:\programming\Microcontroller\Projects\Programmable spin coater\BLDC\" "BrushlessPIC.c" "USBdsc.c" "__Lib_Math.mcl" "__Lib_MathDouble.mcl" "__Lib_System.mcl" "__Lib_Delays.mcl" "__Lib_CString.mcl" "__Lib_CStdlib.mcl" "__Lib_CMath.mcl" "__Lib_Conversions.mcl" "__Lib_PPS_4xJ53.mcl" "__Lib_PWM_Remappable_J53.mcl" "__Lib_USB_genHID_P18FJ53.mcl"	 
hint: 0	1139	Available RAM: 3739 [bytes], Available ROM: 131064 [bytes]	 
diagnostics: 0	122	Compilation Started	__Lib_Delays.c
diagnostics: 172	123	Compiled Successfully	__Lib_Delays.c
hint: 9	1354	 warning: "/*" within comment     /**************************************************************************	E:\programming\Microcontroller\Projects\Programmable spin coater\BLDC\BrushlessPIC.c
diagnostics: 0	122	Compilation Started	BrushlessPIC.c
warning: 97	1506	Implicit conversion of pointer to int	BrushlessPIC.c
warning: 101	1506	Implicit conversion of pointer to int	BrushlessPIC.c
warning: 109	1506	Implicit conversion of pointer to int	BrushlessPIC.c
warning: 117	1506	Implicit conversion of pointer to int	BrushlessPIC.c
warning: 125	1506	Implicit conversion of pointer to int	BrushlessPIC.c
diagnostics: 277	123	Compiled Successfully	BrushlessPIC.c
hint: 91	1164	Variable 'cnt' has been eliminated by optimizer	BrushlessPIC.c
diagnostics: 0	122	Compilation Started	USBdsc.c
diagnostics: 167	123	Compiled Successfully	USBdsc.c
diagnostics: 0	127	All files Compiled in 188 ms	 
hint: 0	1144	Used RAM (bytes): 399 (11%)  Free RAM (bytes): 3340 (89%)	Used RAM (bytes): 399 (11%)  Free RAM (bytes): 3340 (89%)
hint: 0	1144	Used ROM (bytes): 10473 (8%)  Free ROM (bytes): 120591 (92%)	Used ROM (bytes): 10473 (8%)  Free ROM (bytes): 120591 (92%)
diagnostics: 0	125	Project Linked Successfully	Brushless_PIC.mcppi
diagnostics: 0	128	Linked in 187 ms	 
diagnostics: 0	129	Project 'Brushless_PIC.mcppi' completed: 453 ms	 
diagnostics: 0	103	Finished successfully: 28 Sep 2017, 08:43:35	Brushless_PIC.mcppi
